[128, 64, 64, 32, 32] [16, 16, 16, 8, 8]
im1_kernel1_img
参数组合19耗时160.6078324317932s。
0.0012956857681274414
[128, 64, 64, 32, 32] [16, 8, 8, 8, 8]
im1_kernel1_img
参数组合20耗时160.9868848323822s。
0.001343846321105957
[128, 64, 64, 32, 32] [8, 8, 8, 8, 8]
im1_kernel1_img
参数组合21耗时163.47463369369507s。
0.0015118122100830078
[128, 64, 64, 32, 32] [16, 16, 8, 8, 4]
im1_kernel1_img
参数组合22耗时158.17975640296936s。
0.0013633370399475098
[128, 64, 64, 32, 32] [16, 16, 8, 4, 4]
im1_kernel1_img
参数组合23耗时167.11082220077515s。
0.0011996626853942871
[128, 64, 64, 32, 32] [8, 8, 8, 4, 4]
im1_kernel1_img
参数组合24耗时152.22233176231384s。
0.0015226006507873535
[128, 64, 64, 32, 32] [4, 4, 4, 4, 4]
im1_kernel1_img
参数组合25耗时152.42112064361572s。
0.0016289949417114258
[64, 64, 64, 32, 32] [16, 16, 16, 8, 8]
im1_kernel1_img
参数组合26耗时149.03219175338745s。
0.00184553861618042
[64, 64, 64, 32, 32] [16, 8, 8, 8, 8]
im1_kernel1_img
参数组合27耗时151.44927668571472s。
0.0023670196533203125
[64, 64, 64, 32, 32] [8, 8, 8, 8, 8]
im1_kernel1_img
参数组合28耗时148.50645780563354s。
0.002126336097717285
[64, 64, 64, 32, 32] [16, 16, 8, 8, 4]
im1_kernel1_img
参数组合29耗时147.63676953315735s。
0.0017733573913574219
[64, 64, 64, 32, 32] [16, 16, 8, 4, 4]
im1_kernel1_img
参数组合30耗时147.9315311908722s。
0.0021156668663024902
[64, 64, 64, 32, 32] [8, 8, 8, 4, 4]
im1_kernel1_img
参数组合31耗时150.61197662353516s。
0.002179563045501709
[64, 64, 64, 32, 32] [4, 4, 4, 4, 4]
im1_kernel1_img
参数组合32耗时151.01647233963013s。
0.0023766160011291504
[64, 32, 32, 32, 32] [16, 16, 16, 8, 8]
im1_kernel1_img
参数组合33耗时147.2306399345398s。
0.002184629440307617
[64, 32, 32, 32, 32] [16, 8, 8, 8, 8]
im1_kernel1_img
参数组合34耗时146.2217743396759s。
0.002749621868133545
[64, 32, 32, 32, 32] [8, 8, 8, 8, 8]
im1_kernel1_img
参数组合35耗时154.15019702911377s。
0.00240480899810791
[64, 32, 32, 32, 32] [16, 16, 8, 8, 4]
im1_kernel1_img
参数组合36耗时149.67431926727295s。
0.0021369457244873047
[64, 32, 32, 32, 32] [16, 16, 8, 4, 4]
im1_kernel1_img
参数组合37耗时148.53922200202942s。
0.002260446548461914
[64, 32, 32, 32, 32] [8, 8, 8, 4, 4]
im1_kernel1_img
参数组合38耗时158.1404139995575s。
0.0025765299797058105
[64, 32, 32, 32, 32] [4, 4, 4, 4, 4]
im1_kernel1_img
参数组合39耗时146.64455223083496s。
0.002634704113006592
[32, 32, 32, 32, 32] [16, 16, 16, 8, 8]
im1_kernel1_img
参数组合40耗时154.9102234840393s。
0.003303825855255127
[32, 32, 32, 32, 32] [16, 8, 8, 8, 8]
im1_kernel1_img
参数组合41耗时147.10959911346436s。
0.0035425424575805664
[32, 32, 32, 32, 32] [8, 8, 8, 8, 8]
im1_kernel1_img
参数组合42耗时147.85167908668518s。
0.003616034984588623
[32, 32, 32, 32, 32] [16, 16, 8, 8, 4]
im1_kernel1_img
参数组合43耗时144.26007962226868s。
0.0034776926040649414
[32, 32, 32, 32, 32] [16, 16, 8, 4, 4]
im1_kernel1_img
参数组合44耗时154.8589894771576s。
0.003380894660949707
[32, 32, 32, 32, 32] [8, 8, 8, 4, 4]
im1_kernel1_img
参数组合45耗时146.89619779586792s。
0.0035535097122192383
[32, 32, 32, 32, 32] [4, 4, 4, 4, 4]
im1_kernel1_img
参数组合46耗时144.2775683403015s。
0.004296064376831055
[64, 32, 32, 16, 16] [16, 16, 16, 8, 8]
im1_kernel1_img
参数组合47耗时144.78331923484802s。
0.002480924129486084
[64, 32, 32, 16, 16] [16, 8, 8, 8, 8]
im1_kernel1_img
参数组合48耗时149.33149337768555s。
0.0025427937507629395
[64, 32, 32, 16, 16] [8, 8, 8, 8, 8]
im1_kernel1_img
参数组合49耗时143.98097229003906s。
0.002591252326965332
[64, 32, 32, 16, 16] [16, 16, 8, 8, 4]
im1_kernel1_img
参数组合50耗时145.75751519203186s。
0.0021756887435913086
[64, 32, 32, 16, 16] [16, 16, 8, 4, 4]
im1_kernel1_img
参数组合51耗时144.6338665485382s。
0.0019032955169677734
[64, 32, 32, 16, 16] [8, 8, 8, 4, 4]
im1_kernel1_img
参数组合52耗时146.1200909614563s。
0.0027135610580444336
[64, 32, 32, 16, 16] [4, 4, 4, 4, 4]
im1_kernel1_img
