[128, 128, 128, 128, 128] [16, 16, 16, 16, 16]
im1_kernel1_img
参数组合1耗时179.91620230674744s。
[128, 128, 128, 128, 128] [16, 16, 16, 16, 8]
im1_kernel1_img
参数组合2耗时175.59766459465027s。
[128, 128, 128, 128, 128] [16, 16, 16, 8, 8]
im1_kernel1_img
参数组合3耗时177.1764693260193s。
[128, 128, 128, 128, 64] [16, 16, 16, 16, 16]
im1_kernel1_img
参数组合4耗时174.99650692939758s。
[128, 128, 128, 128, 64] [16, 16, 16, 16, 8]
im1_kernel1_img
参数组合5耗时164.34097719192505s。
[128, 128, 128, 128, 64] [16, 16, 16, 8, 8]
im1_kernel1_img
参数组合6耗时167.15540480613708s。
[128, 128, 128, 64, 64] [16, 16, 16, 16, 16]
im1_kernel1_img
参数组合7耗时166.95372414588928s。
[128, 128, 128, 64, 64] [16, 16, 16, 16, 8]
im1_kernel1_img
参数组合8耗时165.5988302230835s。
[128, 128, 128, 64, 64] [16, 16, 16, 8, 8]
im1_kernel1_img
参数组合9耗时165.42480754852295s。
[128, 128, 64, 64, 64] [16, 16, 16, 16, 16]
im1_kernel1_img
参数组合10耗时164.6502137184143s。
[128, 128, 64, 64, 64] [16, 16, 16, 16, 8]
im1_kernel1_img
参数组合11耗时164.30026841163635s。
[128, 128, 64, 64, 64] [16, 16, 16, 8, 8]
im1_kernel1_img
参数组合12耗时165.66679072380066s。
[128, 64, 64, 64, 64] [16, 16, 16, 16, 16]
im1_kernel1_img
参数组合13耗时160.5891149044037s。
[128, 64, 64, 64, 64] [16, 16, 16, 16, 8]
im1_kernel1_img
参数组合14耗时159.8147168159485s。
[128, 64, 64, 64, 64] [16, 16, 16, 8, 8]
im1_kernel1_img
参数组合15耗时159.73379516601562s。
[64, 64, 64, 64, 64] [16, 16, 16, 16, 16]
im1_kernel1_img
参数组合16耗时153.1963348388672s。
[64, 64, 64, 64, 64] [16, 16, 16, 16, 8]
im1_kernel1_img
参数组合17耗时153.42597579956055s。
[64, 64, 64, 64, 64] [16, 16, 16, 8, 8]
im1_kernel1_img
参数组合18耗时154.18909120559692s。
Traceback (most recent call last):
  File "levin_small.py", line 199, in <module>
    f.write(f'num_channels_down: {str(num_channels_down)}, num_channels_skip: {str(num_channels_skip)}, time cost: {str(time_record[i])}\n')
IndexError: list index out of range
