[128, 128, 128, 128] [16, 16, 16, 16]
im1_kernel1_img
参数组合53耗时141.56404066085815s。
0.001064896583557129
[128, 128, 128, 128] [16, 16, 16, 8]
im1_kernel1_img
参数组合54耗时140.75536251068115s。
0.0013967156410217285
[128, 128, 128, 128] [16, 16, 8, 8]
im1_kernel1_img
参数组合55耗时138.34419751167297s。
0.0011720061302185059
[128, 128, 128, 128] [16, 8, 8, 8]
im1_kernel1_img
参数组合56耗时139.6416962146759s。
0.0015009641647338867
[128, 128, 128, 128] [8, 8, 8, 8]
im1_kernel1_img
参数组合57耗时138.62257838249207s。
0.0014306902885437012
[128, 128, 128, 128] [8, 8, 4, 4]
im1_kernel1_img
参数组合58耗时138.61975646018982s。
0.0014671087265014648
[128, 128, 128, 128] [4, 4, 4, 4]
im1_kernel1_img
参数组合59耗时138.62415838241577s。
0.0016602277755737305
[128, 128, 64, 64] [16, 16, 16, 16]
im1_kernel1_img
参数组合60耗时135.82908058166504s。
0.0012252330780029297
[128, 128, 64, 64] [16, 16, 16, 8]
im1_kernel1_img
参数组合61耗时131.99802422523499s。
0.0010610222816467285
[128, 128, 64, 64] [16, 16, 8, 8]
im1_kernel1_img
参数组合62耗时125.91816735267639s。
0.0010344982147216797
[128, 128, 64, 64] [16, 8, 8, 8]
im1_kernel1_img
参数组合63耗时125.82698059082031s。
0.0013451576232910156
[128, 128, 64, 64] [8, 8, 8, 8]
im1_kernel1_img
参数组合64耗时125.34419226646423s。
0.001280665397644043
[128, 128, 64, 64] [8, 8, 4, 4]
im1_kernel1_img
参数组合65耗时125.13098049163818s。
0.001398622989654541
[128, 128, 64, 64] [4, 4, 4, 4]
im1_kernel1_img
参数组合66耗时125.15732216835022s。
0.0014913082122802734
[128, 64, 64, 64] [16, 16, 16, 16]
im1_kernel1_img
参数组合67耗时123.69584274291992s。
0.0015636086463928223
[128, 64, 64, 64] [16, 16, 16, 8]
im1_kernel1_img
参数组合68耗时123.03244352340698s。
0.0013474225997924805
[128, 64, 64, 64] [16, 16, 8, 8]
im1_kernel1_img
参数组合69耗时123.2068989276886s。
0.0015363097190856934
[128, 64, 64, 64] [16, 8, 8, 8]
im1_kernel1_img
参数组合70耗时122.83472776412964s。
0.0013770461082458496
[128, 64, 64, 64] [8, 8, 8, 8]
im1_kernel1_img
参数组合71耗时122.04656744003296s。
0.0015699267387390137
[128, 64, 64, 64] [8, 8, 4, 4]
im1_kernel1_img
参数组合72耗时122.82119965553284s。
0.001547098159790039
[128, 64, 64, 64] [4, 4, 4, 4]
im1_kernel1_img
参数组合73耗时122.96332097053528s。
0.0017481446266174316
[64, 64, 64, 64] [16, 16, 16, 16]
im1_kernel1_img
参数组合74耗时117.81545805931091s。
0.0019477009773254395
[64, 64, 64, 64] [16, 16, 16, 8]
im1_kernel1_img
参数组合75耗时119.0214364528656s。
0.0019278526306152344
[64, 64, 64, 64] [16, 16, 8, 8]
im1_kernel1_img
参数组合76耗时119.56383728981018s。
0.0021746158599853516
[64, 64, 64, 64] [16, 8, 8, 8]
im1_kernel1_img
参数组合77耗时119.60116028785706s。
0.0022413134574890137
[64, 64, 64, 64] [8, 8, 8, 8]
im1_kernel1_img
参数组合78耗时122.61990118026733s。
0.0021917223930358887
[64, 64, 64, 64] [8, 8, 4, 4]
im1_kernel1_img
参数组合79耗时121.9679262638092s。
0.002421855926513672
[64, 64, 64, 64] [4, 4, 4, 4]
im1_kernel1_img
参数组合80耗时120.61913061141968s。
0.0025781989097595215
[128, 128, 64, 32] [16, 16, 16, 16]
im1_kernel1_img
参数组合81耗时129.72410678863525s。
0.0013492703437805176
[128, 128, 64, 32] [16, 16, 16, 8]
im1_kernel1_img
参数组合82耗时129.54128432273865s。
0.0010669231414794922
[128, 128, 64, 32] [16, 16, 8, 8]
im1_kernel1_img
参数组合83耗时129.78836798667908s。
0.0009641051292419434
[128, 128, 64, 32] [16, 8, 8, 8]
im1_kernel1_img
参数组合84耗时130.24530148506165s。
0.001301884651184082
[128, 128, 64, 32] [8, 8, 8, 8]
im1_kernel1_img
参数组合85耗时128.97158670425415s。
0.0016738176345825195
[128, 128, 64, 32] [8, 8, 4, 4]
im1_kernel1_img
参数组合86耗时128.91582822799683s。
0.0013406872749328613
[128, 128, 64, 32] [4, 4, 4, 4]
im1_kernel1_img
参数组合87耗时128.9986913204193s。
0.0016948580741882324
[128, 64, 64, 32] [16, 16, 16, 16]
im1_kernel1_img
参数组合88耗时126.54046869277954s。
0.001355290412902832
[128, 64, 64, 32] [16, 16, 16, 8]
im1_kernel1_img
参数组合89耗时127.413902759552s。
0.0017812848091125488
[128, 64, 64, 32] [16, 16, 8, 8]
im1_kernel1_img
参数组合90耗时126.94882297515869s。
0.0012841224670410156
[128, 64, 64, 32] [16, 8, 8, 8]
im1_kernel1_img
参数组合91耗时126.68897318840027s。
0.0015599727630615234
[128, 64, 64, 32] [8, 8, 8, 8]
im1_kernel1_img
参数组合92耗时125.9305534362793s。
0.001599133014678955
[128, 64, 64, 32] [8, 8, 4, 4]
im1_kernel1_img
参数组合93耗时126.5748975276947s。
0.0014649629592895508
[128, 64, 64, 32] [4, 4, 4, 4]
im1_kernel1_img
参数组合94耗时126.4352707862854s。
0.0017043352127075195
[64, 64, 32, 32] [16, 16, 16, 16]
im1_kernel1_img
参数组合95耗时120.2099859714508s。
0.0017054080963134766
[64, 64, 32, 32] [16, 16, 16, 8]
im1_kernel1_img
参数组合96耗时121.41292262077332s。
0.0019739866256713867
[64, 64, 32, 32] [16, 16, 8, 8]
im1_kernel1_img
参数组合97耗时120.41313242912292s。
0.0020645856857299805
[64, 64, 32, 32] [16, 8, 8, 8]
im1_kernel1_img
参数组合98耗时120.14566707611084s。
0.0022006630897521973
[64, 64, 32, 32] [8, 8, 8, 8]
im1_kernel1_img
参数组合99耗时118.12168717384338s。
0.002302825450897217
[64, 64, 32, 32] [8, 8, 4, 4]
im1_kernel1_img
参数组合100耗时118.27828097343445s。
0.002281367778778076
[64, 64, 32, 32] [4, 4, 4, 4]
im1_kernel1_img
参数组合101耗时118.48429107666016s。
0.003024458885192871
[32, 32, 32, 32] [16, 16, 16, 16]
im1_kernel1_img
参数组合102耗时117.78081893920898s。
0.003143310546875
[32, 32, 32, 32] [16, 16, 16, 8]
im1_kernel1_img
参数组合103耗时116.26786732673645s。
0.0032864809036254883
[32, 32, 32, 32] [16, 16, 8, 8]
im1_kernel1_img
参数组合104耗时116.77747583389282s。
0.0033926963806152344
[32, 32, 32, 32] [16, 8, 8, 8]
im1_kernel1_img
参数组合105耗时116.78554272651672s。
0.0039383769035339355
[32, 32, 32, 32] [8, 8, 8, 8]
im1_kernel1_img
参数组合106耗时116.44559717178345s。
0.0037241578102111816
[32, 32, 32, 32] [8, 8, 4, 4]
im1_kernel1_img
参数组合107耗时116.25587058067322s。
0.003975033760070801
[32, 32, 32, 32] [4, 4, 4, 4]
im1_kernel1_img
参数组合108耗时116.69837474822998s。
0.004369497299194336
Traceback (most recent call last):
  File "levin_small.py", line 204, in <module>
    f.write(f'num_channels_down: {str(num_channels_down)}, num_channels_skip: {str(num_channels_skip)}, time cost: {str(time_record[i])}, last_loss: {str(loss_record[i])}\n')
IndexError: list index out of range
