[128, 128, 128] [16, 16, 16]
im1_kernel1_img
参数组合109耗时109.37932682037354s。
0.001250922679901123
[128, 128, 128] [16, 16, 8]
im1_kernel1_img
参数组合110耗时103.03407430648804s。
0.0012619495391845703
[128, 128, 128] [16, 8, 8]
im1_kernel1_img
参数组合111耗时101.15543723106384s。
0.0015073418617248535
[128, 128, 128] [8, 8, 8]
im1_kernel1_img
参数组合112耗时100.4449291229248s。
0.001503288745880127
[128, 128, 128] [8, 4, 4]
im1_kernel1_img
参数组合113耗时100.55466079711914s。
0.0016270279884338379
[128, 128, 128] [4, 4, 4]
im1_kernel1_img
参数组合114耗时99.68757724761963s。
0.002055048942565918
[128, 128, 128] [2, 2, 2]
im1_kernel1_img
参数组合115耗时99.96978545188904s。
0.0021259188652038574
[128, 128, 64] [16, 16, 16]
im1_kernel1_img
参数组合116耗时99.39453673362732s。
0.0014804601669311523
[128, 128, 64] [16, 16, 8]
im1_kernel1_img
参数组合117耗时98.77908849716187s。
0.001322925090789795
[128, 128, 64] [16, 8, 8]
im1_kernel1_img
参数组合118耗时99.84133839607239s。
0.0014827251434326172
[128, 128, 64] [8, 8, 8]
im1_kernel1_img
参数组合119耗时100.50929665565491s。
0.0016022920608520508
[128, 128, 64] [8, 4, 4]
im1_kernel1_img
参数组合120耗时99.23040246963501s。
0.0017365813255310059
[128, 128, 64] [4, 4, 4]
im1_kernel1_img
参数组合121耗时98.35211277008057s。
0.0018584132194519043
[128, 128, 64] [2, 2, 2]
im1_kernel1_img
参数组合122耗时98.57244372367859s。
0.0019341111183166504
[128, 64, 64] [16, 16, 16]
im1_kernel1_img
参数组合123耗时95.9253203868866s。
0.0014313459396362305
[128, 64, 64] [16, 16, 8]
im1_kernel1_img
参数组合124耗时95.27148509025574s。
0.0015197992324829102
[128, 64, 64] [16, 8, 8]
im1_kernel1_img
参数组合125耗时95.38723945617676s。
0.001543283462524414
[128, 64, 64] [8, 8, 8]
im1_kernel1_img
参数组合126耗时95.75127983093262s。
0.0015184283256530762
[128, 64, 64] [8, 4, 4]
im1_kernel1_img
参数组合127耗时95.22761654853821s。
0.002177596092224121
[128, 64, 64] [4, 4, 4]
im1_kernel1_img
参数组合128耗时95.5128538608551s。
0.0017188191413879395
[128, 64, 64] [2, 2, 2]
im1_kernel1_img
参数组合129耗时96.19308567047119s。
0.0017202496528625488
[64, 64, 64] [16, 16, 16]
im1_kernel1_img
参数组合130耗时90.34216904640198s。
0.002113640308380127
[64, 64, 64] [16, 16, 8]
im1_kernel1_img
参数组合131耗时90.55008316040039s。
0.002168893814086914
[64, 64, 64] [16, 8, 8]
im1_kernel1_img
参数组合132耗时90.2867579460144s。
0.0023608803749084473
[64, 64, 64] [8, 8, 8]
im1_kernel1_img
参数组合133耗时90.22024488449097s。
0.0026280879974365234
[64, 64, 64] [8, 4, 4]
im1_kernel1_img
参数组合134耗时90.31384515762329s。
0.0024861693382263184
[64, 64, 64] [4, 4, 4]
im1_kernel1_img
参数组合135耗时90.66570520401001s。
0.0027694106101989746
[64, 64, 64] [2, 2, 2]
im1_kernel1_img
参数组合136耗时90.88887929916382s。
0.004749476909637451
[64, 64, 32] [16, 16, 16]
im1_kernel1_img
参数组合137耗时90.20570397377014s。
0.0021454691886901855
[64, 64, 32] [16, 16, 8]
im1_kernel1_img
参数组合138耗时89.94031715393066s。
0.002390623092651367
[64, 64, 32] [16, 8, 8]
im1_kernel1_img
参数组合139耗时90.36230754852295s。
0.002196967601776123
[64, 64, 32] [8, 8, 8]
im1_kernel1_img
参数组合140耗时89.95154356956482s。
0.0023540258407592773
[64, 64, 32] [8, 4, 4]
im1_kernel1_img
参数组合141耗时89.24775433540344s。
0.0025343894958496094
[64, 64, 32] [4, 4, 4]
im1_kernel1_img
参数组合142耗时88.68360638618469s。
0.0025037527084350586
[64, 64, 32] [2, 2, 2]
im1_kernel1_img
参数组合143耗时88.77870678901672s。
0.002939760684967041
[64, 32, 32] [16, 16, 16]
im1_kernel1_img
参数组合144耗时88.08562397956848s。
0.0021608471870422363
[64, 32, 32] [16, 16, 8]
im1_kernel1_img
参数组合145耗时88.24599146842957s。
0.002214193344116211
[64, 32, 32] [16, 8, 8]
im1_kernel1_img
参数组合146耗时88.05768084526062s。
0.0024229884147644043
[64, 32, 32] [8, 8, 8]
im1_kernel1_img
参数组合147耗时88.39830946922302s。
0.002897322177886963
[64, 32, 32] [8, 4, 4]
im1_kernel1_img
参数组合148耗时87.4254298210144s。
0.002729356288909912
[64, 32, 32] [4, 4, 4]
im1_kernel1_img
参数组合149耗时88.05791282653809s。
0.0029204487800598145
[64, 32, 32] [2, 2, 2]
im1_kernel1_img
参数组合150耗时88.42187190055847s。
0.0033214688301086426
[32, 32, 32] [16, 16, 16]
im1_kernel1_img
参数组合151耗时88.23164176940918s。
0.0031515955924987793
[32, 32, 32] [16, 16, 8]
im1_kernel1_img
参数组合152耗时88.15465521812439s。
0.002952098846435547
[32, 32, 32] [16, 8, 8]
im1_kernel1_img
参数组合153耗时87.04117965698242s。
0.0037266016006469727
[32, 32, 32] [8, 8, 8]
im1_kernel1_img
参数组合154耗时87.23806476593018s。
0.0032155513763427734
[32, 32, 32] [8, 4, 4]
im1_kernel1_img
参数组合155耗时87.06109929084778s。
0.003903806209564209
[32, 32, 32] [4, 4, 4]
im1_kernel1_img
参数组合156耗时86.5174651145935s。
0.004480123519897461
[32, 32, 32] [2, 2, 2]
im1_kernel1_img
参数组合157耗时85.81344842910767s。
0.0044280290603637695
[32, 16, 16] [16, 16, 16]
im1_kernel1_img
参数组合158耗时85.74612832069397s。
0.004328012466430664
[32, 16, 16] [16, 16, 8]
im1_kernel1_img
参数组合159耗时85.93063950538635s。
0.004223227500915527
[32, 16, 16] [16, 8, 8]
im1_kernel1_img
参数组合160耗时86.08405923843384s。
0.004428565502166748
[32, 16, 16] [8, 8, 8]
im1_kernel1_img
参数组合161耗时84.95448851585388s。
0.004540622234344482
[32, 16, 16] [8, 4, 4]
im1_kernel1_img
参数组合162耗时84.65885901451111s。
0.005431234836578369
[32, 16, 16] [4, 4, 4]
im1_kernel1_img
参数组合163耗时84.60659599304199s。
0.005490124225616455
[32, 16, 16] [2, 2, 2]
im1_kernel1_img
参数组合164耗时84.6461992263794s。
0.005827903747558594
[16, 16, 16] [16, 16, 16]
im1_kernel1_img
参数组合165耗时85.88299703598022s。
0.005806028842926025
[16, 16, 16] [16, 16, 8]
im1_kernel1_img
参数组合166耗时84.64927411079407s。
0.006311774253845215
[16, 16, 16] [16, 8, 8]
im1_kernel1_img
参数组合167耗时84.1759283542633s。
0.00670015811920166
[16, 16, 16] [8, 8, 8]
im1_kernel1_img
参数组合168耗时85.10277700424194s。
0.0066100358963012695
[16, 16, 16] [8, 4, 4]
im1_kernel1_img
参数组合169耗时84.54226803779602s。
0.007542073726654053
[16, 16, 16] [4, 4, 4]
im1_kernel1_img
参数组合170耗时84.45152521133423s。
0.0075797438621521
[16, 16, 16] [2, 2, 2]
im1_kernel1_img
参数组合171耗时84.05347514152527s。
0.007738947868347168
[16, 8, 8] [16, 16, 16]
im1_kernel1_img
参数组合172耗时83.19114089012146s。
0.008643567562103271
[16, 8, 8] [16, 16, 8]
im1_kernel1_img
参数组合173耗时82.75574135780334s。
0.00977480411529541
[16, 8, 8] [16, 8, 8]
im1_kernel1_img
参数组合174耗时83.22219133377075s。
0.010269463062286377
[16, 8, 8] [8, 8, 8]
im1_kernel1_img
参数组合175耗时83.19321465492249s。
0.009794414043426514
[16, 8, 8] [8, 4, 4]
im1_kernel1_img
参数组合176耗时82.79452252388s。
0.012269198894500732
[16, 8, 8] [4, 4, 4]
im1_kernel1_img
参数组合177耗时82.95260262489319s。
0.011622369289398193
[16, 8, 8] [2, 2, 2]
im1_kernel1_img
参数组合178耗时83.6368899345398s。
0.013499319553375244
[8, 8, 8] [16, 16, 16]
im1_kernel1_img
参数组合179耗时81.02673292160034s。
0.013076186180114746
[8, 8, 8] [16, 16, 8]
im1_kernel1_img
参数组合180耗时81.24707794189453s。
0.014508962631225586
[8, 8, 8] [16, 8, 8]
im1_kernel1_img
参数组合181耗时82.04422926902771s。
0.01543647050857544
[8, 8, 8] [8, 8, 8]
im1_kernel1_img
参数组合182耗时81.58409237861633s。
0.0151328444480896
[8, 8, 8] [8, 4, 4]
im1_kernel1_img
参数组合183耗时82.18278336524963s。
0.01649719476699829
[8, 8, 8] [4, 4, 4]
im1_kernel1_img
参数组合184耗时82.86237812042236s。
0.01711249351501465
[8, 8, 8] [2, 2, 2]
im1_kernel1_img
参数组合185耗时81.69531321525574s。
0.017310380935668945
[4, 4, 4] [16, 16, 16]
im1_kernel1_img
参数组合186耗时79.39333009719849s。
0.03261536359786987
[4, 4, 4] [16, 16, 8]
im1_kernel1_img
参数组合187耗时79.5825412273407s。
0.032805800437927246
[4, 4, 4] [16, 8, 8]
im1_kernel1_img
参数组合188耗时79.76630187034607s。
0.03338360786437988
[4, 4, 4] [8, 8, 8]
im1_kernel1_img
参数组合189耗时80.3169310092926s。
0.03695845603942871
[4, 4, 4] [8, 4, 4]
im1_kernel1_img
参数组合190耗时79.62843823432922s。
0.04128241539001465
[4, 4, 4] [4, 4, 4]
im1_kernel1_img
参数组合191耗时81.08674001693726s。
0.04473459720611572
[4, 4, 4] [2, 2, 2]
im1_kernel1_img
参数组合192耗时79.9376540184021s。
0.04407966136932373
