[128, 128] [16, 16]
im1_kernel1_img
参数组合193耗时84.82605457305908s。
0.0014736652374267578
[128, 128] [16, 8]
im1_kernel1_img
参数组合194耗时78.56961154937744s。
0.001437067985534668
[128, 128] [8, 8]
im1_kernel1_img
参数组合195耗时78.17973375320435s。
0.001667797565460205
[128, 128] [8, 4]
im1_kernel1_img
参数组合196耗时77.54600143432617s。
0.0016415715217590332
[128, 128] [4, 4]
im1_kernel1_img
参数组合197耗时77.62594866752625s。
0.001640021800994873
[128, 128] [4, 2]
im1_kernel1_img
参数组合198耗时77.78617286682129s。
0.0020176172256469727
[128, 128] [2, 2]
im1_kernel1_img
参数组合199耗时76.97314381599426s。
0.001595914363861084
[128, 64] [16, 16]
im1_kernel1_img
参数组合200耗时65.45007085800171s。
0.0016980171203613281
[128, 64] [16, 8]
im1_kernel1_img
参数组合201耗时64.78599643707275s。
0.001477658748626709
[128, 64] [8, 8]
im1_kernel1_img
参数组合202耗时64.35280799865723s。
0.0017486810684204102
[128, 64] [8, 4]
im1_kernel1_img
参数组合203耗时64.41223096847534s。
0.0018478035926818848
[128, 64] [4, 4]
im1_kernel1_img
参数组合204耗时63.17420291900635s。
0.0018132328987121582
[128, 64] [4, 2]
im1_kernel1_img
参数组合205耗时63.41490602493286s。
0.002089262008666992
[128, 64] [2, 2]
im1_kernel1_img
参数组合206耗时63.11412072181702s。
0.0018813610076904297
[64, 64] [16, 16]
im1_kernel1_img
参数组合207耗时55.324947118759155s。
0.0020047426223754883
[64, 64] [16, 8]
im1_kernel1_img
参数组合208耗时55.5564329624176s。
0.0023302435874938965
[64, 64] [8, 8]
im1_kernel1_img
参数组合209耗时55.252421140670776s。
0.0023328661918640137
[64, 64] [8, 4]
im1_kernel1_img
参数组合210耗时55.78096270561218s。
0.0021369457244873047
[64, 64] [4, 4]
im1_kernel1_img
参数组合211耗时56.03654766082764s。
0.0024387240409851074
[64, 64] [4, 2]
im1_kernel1_img
参数组合212耗时55.153443336486816s。
0.002368330955505371
[64, 64] [2, 2]
im1_kernel1_img
参数组合213耗时55.39460873603821s。
0.002560913562774658
[64, 32] [16, 16]
im1_kernel1_img
参数组合214耗时55.652262449264526s。
0.0021675825119018555
[64, 32] [16, 8]
im1_kernel1_img
参数组合215耗时57.25065898895264s。
0.0026676058769226074
[64, 32] [8, 8]
im1_kernel1_img
参数组合216耗时54.47067594528198s。
0.0025070905685424805
[64, 32] [8, 4]
im1_kernel1_img
参数组合217耗时55.726890325546265s。
0.0026473402976989746
[64, 32] [4, 4]
im1_kernel1_img
参数组合218耗时55.9568452835083s。
0.0031035542488098145
[64, 32] [4, 2]
im1_kernel1_img
参数组合219耗时54.87840986251831s。
0.0029889941215515137
[64, 32] [2, 2]
im1_kernel1_img
参数组合220耗时54.4634153842926s。
0.0031113028526306152
[32, 32] [16, 16]
im1_kernel1_img
参数组合221耗时52.569432497024536s。
0.0034393668174743652
[32, 32] [16, 8]
im1_kernel1_img
参数组合222耗时52.86198115348816s。
0.0036930441856384277
[32, 32] [8, 8]
im1_kernel1_img
参数组合223耗时52.9012725353241s。
0.003458678722381592
[32, 32] [8, 4]
im1_kernel1_img
参数组合224耗时52.60418438911438s。
0.0038470029830932617
[32, 32] [4, 4]
im1_kernel1_img
参数组合225耗时52.982396602630615s。
0.003672480583190918
[32, 32] [4, 2]
im1_kernel1_img
参数组合226耗时55.06427621841431s。
0.0036882758140563965
[32, 32] [2, 2]
im1_kernel1_img
参数组合227耗时53.599201679229736s。
0.0037957429885864258
[32, 16] [16, 16]
im1_kernel1_img
参数组合228耗时53.525073766708374s。
0.003733396530151367
[32, 16] [16, 8]
im1_kernel1_img
参数组合229耗时52.622880697250366s。
0.004427492618560791
[32, 16] [8, 8]
im1_kernel1_img
参数组合230耗时52.97686004638672s。
0.004304468631744385
[32, 16] [8, 4]
im1_kernel1_img
参数组合231耗时52.86347770690918s。
0.004776060581207275
[32, 16] [4, 4]
im1_kernel1_img
参数组合232耗时54.2485728263855s。
0.005094945430755615
[32, 16] [4, 2]
im1_kernel1_img
参数组合233耗时53.13872003555298s。
0.005574405193328857
[32, 16] [2, 2]
im1_kernel1_img
参数组合234耗时57.44705247879028s。
0.005721449851989746
[16, 16] [16, 16]
im1_kernel1_img
参数组合235耗时52.62485384941101s。
0.006439864635467529
[16, 16] [16, 8]
im1_kernel1_img
参数组合236耗时52.5390944480896s。
0.007215380668640137
[16, 16] [8, 8]
im1_kernel1_img
参数组合237耗时52.97923564910889s。
0.006959855556488037
[16, 16] [8, 4]
im1_kernel1_img
参数组合238耗时52.423081398010254s。
0.007809281349182129
[16, 16] [4, 4]
im1_kernel1_img
参数组合239耗时52.84405207633972s。
0.007280886173248291
[16, 16] [4, 2]
im1_kernel1_img
参数组合240耗时54.13553977012634s。
0.008568942546844482
[16, 16] [2, 2]
im1_kernel1_img
参数组合241耗时53.736114263534546s。
0.008737146854400635
[16, 8] [16, 16]
im1_kernel1_img
参数组合242耗时52.22171378135681s。
0.008956611156463623
[16, 8] [16, 8]
im1_kernel1_img
参数组合243耗时53.176279067993164s。
0.009705543518066406
[16, 8] [8, 8]
im1_kernel1_img
参数组合244耗时51.967822790145874s。
0.011509537696838379
[16, 8] [8, 4]
im1_kernel1_img
参数组合245耗时52.30664563179016s。
0.012201428413391113
[16, 8] [4, 4]
im1_kernel1_img
参数组合246耗时51.90064525604248s。
0.013129353523254395
[16, 8] [4, 2]
im1_kernel1_img
参数组合247耗时51.6968035697937s。
0.012363255023956299
[16, 8] [2, 2]
im1_kernel1_img
参数组合248耗时52.433318853378296s。
0.013922810554504395
